Using device: cuda:2
Object Category: Rico
Random Seed: 3124256514
Using dataset: datasets.RicoHierDataset
is_train: True #examples: 31470 #original: 31470 #permutes: 1
is_train: False #examples: 10490 #original: 10490 #permutes: 1
Starting training ...... 
training run rico_hier_exp_AE_sem_wt_1
     Time    Epoch     Dataset    Iteration     Progress(%)       LR       BoxLoss   LeafLoss     NodeExists      SemLoss    KLDivLoss     TotalLoss
 00:00:07     0/40     training      0/984         0.0%      1.00E-03      145.28       12.06       42.33       54.33       0.00     254.01
Saving checkpoint ...... DONE
 00:00:14     0/40    validation     0/328         0.0%      1.00E-03      134.16       12.11       43.16       54.61       0.00     244.05
 00:02:32     0/40    validation    10/328         0.1%      1.00E-03       17.40        8.25       30.60       31.39       0.00      87.65
 00:02:34     0/40     training     30/984         0.1%      1.00E-03       13.88        7.67       29.04       30.07       0.00      80.65
 00:04:41     0/40    validation    20/328         0.2%      1.00E-03       10.59        8.26       31.71       34.11       0.00      84.66
 00:04:43     0/40     training     60/984         0.2%      1.00E-03       11.42        8.81       31.60       33.91       0.00      85.75
 00:06:49     0/40    validation    30/328         0.2%      1.00E-03       12.96        8.58       32.30       32.81       0.00      86.65
 00:06:52     0/40     training     90/984         0.2%      1.00E-03        8.59        8.59       32.45       32.25       0.00      81.89
 00:09:07     0/40    validation    40/328         0.3%      1.00E-03       10.84        8.14       35.02       34.30       0.00      88.30
 00:09:10     0/40     training    120/984         0.3%      1.00E-03       12.95        8.45       34.72       35.41       0.00      91.53
 00:11:21     0/40    validation    50/328         0.4%      1.00E-03        9.34        7.79       32.70       32.41       0.00      82.25
 00:11:23     0/40     training    150/984         0.4%      1.00E-03        8.48        7.14       33.03       31.61       0.00      80.25
 00:13:31     0/40    validation    60/328         0.5%      1.00E-03        8.54        6.51       31.13       26.04       0.00      72.22
 00:13:33     0/40     training    180/984         0.5%      1.00E-03        8.66        5.97       27.37       25.31       0.00      67.32
 00:15:39     0/40    validation    70/328         0.5%      1.00E-03       12.16        9.62       39.95       35.69       0.00      97.42
 00:15:41     0/40     training    210/984         0.5%      1.00E-03        7.14        7.14       32.91       28.58       0.00      75.76
 00:17:52     0/40    validation    80/328         0.6%      1.00E-03        7.56        7.74       33.41       31.68       0.00      80.38
 00:17:55     0/40     training    240/984         0.6%      1.00E-03        8.58        8.98       35.50       31.28       0.00      84.34
 00:20:01     0/40    validation    90/328         0.7%      1.00E-03        7.25        6.96       31.89       30.46       0.00      76.56
 00:20:03     0/40     training    270/984         0.7%      1.00E-03       10.19        8.41       40.58       35.78       0.00      94.96
 00:22:09     0/40    validation   100/328         0.8%      1.00E-03        7.60        6.34       31.10       25.54       0.00      70.58
 00:22:12     0/40     training    300/984         0.8%      1.00E-03        7.23        7.10       33.57       29.46       0.00      77.36
 00:24:23     0/40    validation   110/328         0.8%      1.00E-03        7.54        5.90       29.68       24.36       0.00      67.48
 00:24:26     0/40     training    330/984         0.8%      1.00E-03        7.92        7.09       31.58       28.08       0.00      74.67
 00:26:39     0/40    validation   120/328         0.9%      1.00E-03        6.11        6.03       32.32       28.16       0.00      72.62
 00:26:42     0/40     training    360/984         0.9%      1.00E-03        8.46        7.81       36.93       33.28       0.00      86.48
 00:28:46     0/40    validation   130/328         1.0%      1.00E-03        7.74        6.14       29.61       26.44       0.00      69.93
 00:28:49     0/40     training    390/984         1.0%      1.00E-03        7.79        6.23       31.75       26.89       0.00      72.66
 00:31:03     0/40    validation   140/328         1.1%      1.00E-03        7.75        7.09       33.14       29.39       0.00      77.37
 00:31:06     0/40     training    420/984         1.1%      1.00E-03        7.87        7.14       33.57       28.30       0.00      76.88
 00:33:18     0/40    validation   150/328         1.2%      1.00E-03        6.93        6.95       33.01       29.61       0.00      76.49
 00:33:21     0/40     training    450/984         1.1%      1.00E-03        6.49        6.34       34.01       27.81       0.00      74.65
 00:35:34     0/40    validation   160/328         1.2%      1.00E-03       11.17        7.94       38.42       32.54       0.00      90.07
 00:35:37     0/40     training    480/984         1.2%      1.00E-03        4.41        5.12       26.82       22.51       0.00      58.87
Saving checkpoint ...... DONE
 00:37:56     0/40    validation   170/328         1.3%      1.00E-03        5.36        6.93       31.69       26.51       0.00      70.48
 00:37:58     0/40     training    510/984         1.3%      1.00E-03        5.27        5.63       28.73       24.60       0.00      64.23
 00:40:11     0/40    validation   180/328         1.4%      1.00E-03        7.06        6.25       31.09       27.03       0.00      71.43
 00:40:13     0/40     training    540/984         1.4%      1.00E-03        4.71        5.52       28.27       23.80       0.00      62.30
 00:42:25     0/40    validation   190/328         1.5%      1.00E-03        5.90        6.75       35.20       27.06       0.00      74.91
 00:42:28     0/40     training    570/984         1.5%      1.00E-03        6.39        7.89       36.06       31.63       0.00      81.98
 00:44:46     0/40    validation   200/328         1.5%      1.00E-03        7.59        8.03       37.74       31.70       0.00      85.06
 00:44:49     0/40     training    600/984         1.5%      1.00E-03        6.78        5.71       30.35       23.08       0.00      65.92
 00:47:03     0/40    validation   210/328         1.6%      1.00E-03        6.59        5.70       30.00       23.37       0.00      65.67
 00:47:06     0/40     training    630/984         1.6%      1.00E-03        9.07        6.89       32.54       27.24       0.00      75.74
 00:49:24     0/40    validation   220/328         1.7%      1.00E-03        6.37        6.27       32.46       28.43       0.00      73.53
 00:49:27     0/40     training    660/984         1.7%      1.00E-03        7.44        8.26       36.15       31.13       0.00      82.97
 00:51:42     0/40    validation   230/328         1.8%      1.00E-03        6.38        5.85       30.96       24.26       0.00      67.45
 00:51:45     0/40     training    690/984         1.8%      1.00E-03        5.03        6.46       38.39       29.16       0.00      79.04
 00:53:55     0/40    validation   240/328         1.8%      1.00E-03        4.86        6.46       31.08       26.38       0.00      68.79
 00:53:58     0/40     training    720/984         1.8%      1.00E-03        5.36        5.56       29.74       21.06       0.00      61.72
 00:56:06     0/40    validation   250/328         1.9%      1.00E-03        5.63        6.27       32.11       26.93       0.00      70.94
 00:56:08     0/40     training    750/984         1.9%      1.00E-03        6.10        6.57       29.08       26.44       0.00      68.19
 00:58:24     0/40    validation   260/328         2.0%      1.00E-03        5.40        6.72       31.39       25.65       0.00      69.16
 00:58:27     0/40     training    780/984         2.0%      1.00E-03        4.00        6.27       30.06       24.63       0.00      64.97
 01:00:37     0/40    validation   270/328         2.1%      1.00E-03        4.98        6.00       24.93       22.69       0.00      58.60
 01:00:39     0/40     training    810/984         2.1%      1.00E-03        4.59        4.56       26.28       19.66       0.00      55.08
 01:02:57     0/40    validation   280/328         2.1%      1.00E-03        6.23        5.53       27.23       23.66       0.00      62.66
 01:03:00     0/40     training    840/984         2.1%      1.00E-03        5.99        5.92       34.05       25.73       0.00      71.69
 01:05:14     0/40    validation   290/328         2.2%      1.00E-03        6.11        5.90       30.48       24.77       0.00      67.25
 01:05:17     0/40     training    870/984         2.2%      1.00E-03        7.53        7.69       36.95       30.85       0.00      83.02
 01:07:34     0/40    validation   300/328         2.3%      1.00E-03        6.52        5.36       27.94       22.14       0.00      61.95
 01:07:37     0/40     training    900/984         2.3%      1.00E-03        5.66        5.55       28.51       21.96       0.00      61.68
 01:09:55     0/40    validation   310/328         2.4%      1.00E-03        7.36        6.11       30.57       23.51       0.00      67.55
 01:09:58     0/40     training    930/984         2.4%      1.00E-03        5.92        6.11       30.17       22.57       0.00      64.77
 01:12:28     0/40    validation   320/328         2.4%      1.00E-03        7.67        7.66       38.43       29.95       0.00      83.71
 01:12:31     0/40     training    960/984         2.4%      1.00E-03        5.22        5.78       32.62       24.93       0.00      68.55
training run rico_hier_exp_AE_sem_wt_1
     Time    Epoch     Dataset    Iteration     Progress(%)       LR       BoxLoss   LeafLoss     NodeExists      SemLoss    KLDivLoss     TotalLoss
 01:14:40     1/40     training      6/984         2.5%      1.00E-03        7.44        7.55       38.57       29.58       0.00      83.14
 01:14:49     1/40    validation     3/328         2.5%      1.00E-03        5.00        4.74       29.41       21.78       0.00      60.94
Saving checkpoint ...... 